<?xml version="1.0" encoding="UTF-8"?>
<robot generator="Robot 6.1.1 (Python 3.12.0 on win32)" generated="20231016 02:18:18.111" rpa="true" schemaversion="4">
<suite id="s1" name="Hello" source="C:\Users\Danil Akulin\source\repos\TestUE\Hello.robot">
<test id="s1-t1" name="Standart User Test" line="21">
<kw name="Open Browser and Maximize" library="resource" type="SETUP">
<arg>${URL}</arg>
<arg>${Browser}</arg>
<kw name="Open Browser" library="SeleniumLibrary">
<arg>${UserURL}</arg>
<arg>${BrowserName}</arg>
<doc>Opens a new browser instance to the optional ``url``.</doc>
<msg timestamp="20231016 02:18:18.536" level="INFO">Opening browser 'Chrome' to base url 'http://www.saucedemo.com'.</msg>
<status status="PASS" starttime="20231016 02:18:18.535" endtime="20231016 02:18:22.591"/>
</kw>
<kw name="Maximize Browser Window" library="SeleniumLibrary">
<doc>Maximizes current browser window.</doc>
<status status="PASS" starttime="20231016 02:18:22.591" endtime="20231016 02:18:22.726"/>
</kw>
<status status="PASS" starttime="20231016 02:18:18.535" endtime="20231016 02:18:22.726"/>
</kw>
<kw name="Login To Website" library="resource">
<arg>${StandartUser}</arg>
<arg>${Password}</arg>
<kw name="Input Text" library="SeleniumLibrary">
<arg>id:user-name</arg>
<arg>${UserName}</arg>
<doc>Types the given ``text`` into the text field identified by ``locator``.</doc>
<msg timestamp="20231016 02:18:22.726" level="INFO">Typing text 'standard_user' into text field 'id:user-name'.</msg>
<status status="PASS" starttime="20231016 02:18:22.726" endtime="20231016 02:18:22.985"/>
</kw>
<kw name="Input Password" library="SeleniumLibrary">
<arg>xpath:/html/body/div/div/div[2]/div[1]/div/div/form/div[2]/input</arg>
<arg>${Password}</arg>
<doc>Types the given password into the text field identified by ``locator``.</doc>
<msg timestamp="20231016 02:18:22.985" level="INFO">Typing password into text field 'xpath:/html/body/div/div/div[2]/div[1]/div/div/form/div[2]/input'.</msg>
<msg timestamp="20231016 02:18:23.036" level="INFO">Temporally setting log level to: NONE</msg>
<msg timestamp="20231016 02:18:23.125" level="INFO">Log level changed from NONE to INFO.</msg>
<status status="PASS" starttime="20231016 02:18:22.985" endtime="20231016 02:18:23.125"/>
</kw>
<kw name="Click Button" library="SeleniumLibrary">
<arg>name:login-button</arg>
<doc>Clicks the button identified by ``locator``.</doc>
<msg timestamp="20231016 02:18:23.125" level="INFO">Clicking button 'name:login-button'.</msg>
<status status="PASS" starttime="20231016 02:18:23.125" endtime="20231016 02:18:23.282"/>
</kw>
<kw name="Page Should Not Contain Element" library="SeleniumLibrary">
<arg>class:error-message-container</arg>
<doc>Verifies that element ``locator`` is not found on the current page.</doc>
<msg timestamp="20231016 02:18:23.303" level="INFO">Current page does not contain element 'class:error-message-container'.</msg>
<status status="PASS" starttime="20231016 02:18:23.283" endtime="20231016 02:18:23.303"/>
</kw>
<status status="PASS" starttime="20231016 02:18:22.726" endtime="20231016 02:18:23.303"/>
</kw>
<kw name="Sleep" library="BuiltIn">
<arg>2</arg>
<doc>Pauses the test executed for the given time.</doc>
<msg timestamp="20231016 02:18:25.304" level="INFO">Slept 2 seconds</msg>
<status status="PASS" starttime="20231016 02:18:23.303" endtime="20231016 02:18:25.304"/>
</kw>
<kw name="Set Screenshot Directory" library="SeleniumLibrary">
<arg>screenshots</arg>
<doc>Sets the directory for captured screenshots.</doc>
<status status="PASS" starttime="20231016 02:18:25.305" endtime="20231016 02:18:25.306"/>
</kw>
<kw name="Capture Page Screenshot" library="SeleniumLibrary">
<doc>Takes a screenshot of the current page and embeds it into a log file.</doc>
<msg timestamp="20231016 02:18:25.563" level="INFO" html="true">&lt;/td&gt;&lt;/tr&gt;&lt;tr&gt;&lt;td colspan="3"&gt;&lt;a href="screenshots/selenium-screenshot-7.png"&gt;&lt;img src="screenshots/selenium-screenshot-7.png" width="800px"&gt;&lt;/a&gt;</msg>
<status status="PASS" starttime="20231016 02:18:25.307" endtime="20231016 02:18:25.563"/>
</kw>
<kw name="Sleep" library="BuiltIn">
<arg>2</arg>
<doc>Pauses the test executed for the given time.</doc>
<msg timestamp="20231016 02:18:27.563" level="INFO">Slept 2 seconds</msg>
<status status="PASS" starttime="20231016 02:18:25.563" endtime="20231016 02:18:27.563"/>
</kw>
<kw name="Logout From Webpage" library="resource">
<kw name="Click Button" library="SeleniumLibrary">
<arg>id:react-burger-menu-btn</arg>
<doc>Clicks the button identified by ``locator``.</doc>
<msg timestamp="20231016 02:18:27.563" level="INFO">Clicking button 'id:react-burger-menu-btn'.</msg>
<msg timestamp="20231016 02:18:27.570" level="WARN">Keyword 'Capture Page Screenshot' could not be run on failure: Message: no such window: target window already closed
from unknown error: web view not found
  (Session info: chrome=117.0.5938.152)
Stacktrace:
	GetHandleVerifier [0x00007FF64A5B7D12+55474]
	(No symbol) [0x00007FF64A5277C2]
	(No symbol) [0x00007FF64A3DE0EB]
	(No symbol) [0x00007FF64A3BE528]
	(No symbol) [0x00007FF64A443B77]
	(No symbol) [0x00007FF64A4575BF]
	(No symbol) [0x00007FF64A43EF33]
	(No symbol) [0x00007FF64A413D41]
	(No symbol) [0x00007FF64A414F84]
	GetHandleVerifier [0x00007FF64A91B762+3609346]
	GetHandleVerifier [0x00007FF64A971A80+3962400]
	GetHandleVerifier [0x00007FF64A969F0F+3930799]
	GetHandleVerifier [0x00007FF64A653CA6+694342]
	(No symbol) [0x00007FF64A532218]
	(No symbol) [0x00007FF64A52E484]
	(No symbol) [0x00007FF64A52E5B2]
	(No symbol) [0x00007FF64A51EE13]
	BaseThreadInitThunk [0x00007FFCFA7F7344+20]
	RtlUserThreadStart [0x00007FFCFBD026B1+33]
</msg>
<msg timestamp="20231016 02:18:27.578" level="FAIL">NoSuchWindowException: Message: no such window: target window already closed
from unknown error: web view not found
  (Session info: chrome=117.0.5938.152)
Stacktrace:
	GetHandleVerifier [0x00007FF64A5B7D12+55474]
	(No symbol) [0x00007FF64A5277C2]
	(No symbol) [0x00007FF64A3DE0EB]
	(No symbol) [0x00007FF64A3BE528]
	(No symbol) [0x00007FF64A443B77]
	(No symbol) [0x00007FF64A4575BF]
	(No symbol) [0x00007FF64A43EF33]
	(No symbol) [0x00007FF64A413D41]
	(No symbol) [0x00007FF64A414F84]
	GetHandleVerifier [0x00007FF64A91B762+3609346]
	GetHandleVerifier [0x00007FF64A971A80+3962400]
	GetHandleVerifier [0x00007FF64A969F0F+3930799]
	GetHandleVerifier [0x00007FF64A653CA6+694342]
	(No symbol) [0x00007FF64A532218]
	(No symbol) [0x00007FF64A52E484]
	(No symbol) [0x00007FF64A52E5B2]
	(No symbol) [0x00007FF64A51EE13]
	BaseThreadInitThunk [0x00007FFCFA7F7344+20]
	RtlUserThreadStart [0x00007FFCFBD026B1+33]
</msg>
<status status="FAIL" starttime="20231016 02:18:27.563" endtime="20231016 02:18:27.657"/>
</kw>
<kw name="Wait Until Element Is Enabled" library="SeleniumLibrary">
<arg>id:react-burger-menu-btn</arg>
<doc>Waits until the element ``locator`` is enabled.</doc>
<status status="NOT RUN" starttime="20231016 02:18:27.657" endtime="20231016 02:18:27.657"/>
</kw>
<kw name="Click Link" library="SeleniumLibrary">
<arg>id:logout_sidebar_link</arg>
<doc>Clicks a link identified by ``locator``.</doc>
<status status="NOT RUN" starttime="20231016 02:18:27.657" endtime="20231016 02:18:27.657"/>
</kw>
<status status="FAIL" starttime="20231016 02:18:27.563" endtime="20231016 02:18:27.657"/>
</kw>
<kw name="Sleep" library="BuiltIn">
<arg>1</arg>
<doc>Pauses the test executed for the given time.</doc>
<status status="NOT RUN" starttime="20231016 02:18:27.657" endtime="20231016 02:18:27.657"/>
</kw>
<kw name="Close Browser And Log" library="resource" type="TEARDOWN">
<kw name="Close Browser" library="SeleniumLibrary">
<doc>Closes the current browser.</doc>
<status status="PASS" starttime="20231016 02:18:27.657" endtime="20231016 02:18:29.784"/>
</kw>
<status status="PASS" starttime="20231016 02:18:27.657" endtime="20231016 02:18:29.784"/>
</kw>
<status status="FAIL" starttime="20231016 02:18:18.534" endtime="20231016 02:18:29.784">NoSuchWindowException: Message: no such window: target window already closed
from unknown error: web view not found
  (Session info: chrome=117.0.5938.152)
Stacktrace:
	GetHandleVerifier [0x00007FF64A5B7D12+55474]
	(No symbol) [0x00007FF64A5277C2]
	(No symbol) [0x00007FF64A3DE0EB]
	(No symbol) [0x00007FF64A3BE528]
	(No symbol) [0x00007FF64A443B77]
	(No symbol) [0x00007FF64A4575BF]
	(No symbol) [0x00007FF64A43EF33]
	(No symbol) [0x00007FF64A413D41]
	(No symbol) [0x00007FF64A414F84]
	GetHandleVerifier [0x00007FF64A91B762+3609346]
	GetHandleVerifier [0x00007FF64A971A80+3962400]
	GetHandleVerifier [0x00007FF64A969F0F+3930799]
	GetHandleVerifier [0x00007FF64A653CA6+694342]
	(No symbol) [0x00007FF64A532218]
	(No symbol) [0x00007FF64A52E484]
	(No symbol) [0x00007FF64A52E5B2]
	(No symbol) [0x00007FF64A51EE13]
	BaseThreadInitThunk [0x00007FFCFA7F7344+20]
	RtlUserThreadStart [0x00007FFCFBD026B1+33]
</status>
</test>
<test id="s1-t2" name="Locked Out User Test" line="32">
<kw name="Open Browser and Maximize" library="resource" type="SETUP">
<arg>${URL}</arg>
<arg>${Browser}</arg>
<kw name="Open Browser" library="SeleniumLibrary">
<arg>${UserURL}</arg>
<arg>${BrowserName}</arg>
<doc>Opens a new browser instance to the optional ``url``.</doc>
<msg timestamp="20231016 02:18:29.804" level="INFO">Opening browser 'Chrome' to base url 'http://www.saucedemo.com'.</msg>
<status status="PASS" starttime="20231016 02:18:29.804" endtime="20231016 02:18:32.729"/>
</kw>
<kw name="Maximize Browser Window" library="SeleniumLibrary">
<doc>Maximizes current browser window.</doc>
<status status="PASS" starttime="20231016 02:18:32.730" endtime="20231016 02:18:32.850"/>
</kw>
<status status="PASS" starttime="20231016 02:18:29.804" endtime="20231016 02:18:32.850"/>
</kw>
<kw name="Login To Website" library="resource">
<arg>${LockedOutUser}</arg>
<arg>${Password}</arg>
<kw name="Input Text" library="SeleniumLibrary">
<arg>id:user-name</arg>
<arg>${UserName}</arg>
<doc>Types the given ``text`` into the text field identified by ``locator``.</doc>
<msg timestamp="20231016 02:18:32.850" level="INFO">Typing text 'locked_out_user' into text field 'id:user-name'.</msg>
<status status="PASS" starttime="20231016 02:18:32.850" endtime="20231016 02:18:33.119"/>
</kw>
<kw name="Input Password" library="SeleniumLibrary">
<arg>xpath:/html/body/div/div/div[2]/div[1]/div/div/form/div[2]/input</arg>
<arg>${Password}</arg>
<doc>Types the given password into the text field identified by ``locator``.</doc>
<msg timestamp="20231016 02:18:33.119" level="INFO">Typing password into text field 'xpath:/html/body/div/div/div[2]/div[1]/div/div/form/div[2]/input'.</msg>
<msg timestamp="20231016 02:18:33.164" level="INFO">Temporally setting log level to: NONE</msg>
<msg timestamp="20231016 02:18:33.248" level="INFO">Log level changed from NONE to INFO.</msg>
<status status="PASS" starttime="20231016 02:18:33.119" endtime="20231016 02:18:33.248"/>
</kw>
<kw name="Click Button" library="SeleniumLibrary">
<arg>name:login-button</arg>
<doc>Clicks the button identified by ``locator``.</doc>
<msg timestamp="20231016 02:18:33.249" level="INFO">Clicking button 'name:login-button'.</msg>
<status status="PASS" starttime="20231016 02:18:33.248" endtime="20231016 02:18:33.353"/>
</kw>
<kw name="Page Should Not Contain Element" library="SeleniumLibrary">
<arg>class:error-message-container</arg>
<doc>Verifies that element ``locator`` is not found on the current page.</doc>
<msg timestamp="20231016 02:18:33.510" level="INFO" html="true">&lt;/td&gt;&lt;/tr&gt;&lt;tr&gt;&lt;td colspan="3"&gt;&lt;a href="screenshots/selenium-screenshot-8.png"&gt;&lt;img src="screenshots/selenium-screenshot-8.png" width="800px"&gt;&lt;/a&gt;</msg>
<msg timestamp="20231016 02:18:33.510" level="FAIL">Page should not have contained element 'class:error-message-container'.</msg>
<status status="FAIL" starttime="20231016 02:18:33.353" endtime="20231016 02:18:33.526"/>
</kw>
<status status="FAIL" starttime="20231016 02:18:32.850" endtime="20231016 02:18:33.526"/>
</kw>
<kw name="Sleep" library="BuiltIn">
<arg>2</arg>
<doc>Pauses the test executed for the given time.</doc>
<status status="NOT RUN" starttime="20231016 02:18:33.526" endtime="20231016 02:18:33.526"/>
</kw>
<kw name="Set Screenshot Directory" library="SeleniumLibrary">
<arg>screenshots</arg>
<doc>Sets the directory for captured screenshots.</doc>
<status status="NOT RUN" starttime="20231016 02:18:33.526" endtime="20231016 02:18:33.526"/>
</kw>
<kw name="Capture Page Screenshot" library="SeleniumLibrary">
<doc>Takes a screenshot of the current page and embeds it into a log file.</doc>
<status status="NOT RUN" starttime="20231016 02:18:33.526" endtime="20231016 02:18:33.526"/>
</kw>
<kw name="Sleep" library="BuiltIn">
<arg>2</arg>
<doc>Pauses the test executed for the given time.</doc>
<status status="NOT RUN" starttime="20231016 02:18:33.526" endtime="20231016 02:18:33.526"/>
</kw>
<kw name="Logout From Webpage" library="resource">
<status status="NOT RUN" starttime="20231016 02:18:33.526" endtime="20231016 02:18:33.526"/>
</kw>
<kw name="Sleep" library="BuiltIn">
<arg>1</arg>
<doc>Pauses the test executed for the given time.</doc>
<status status="NOT RUN" starttime="20231016 02:18:33.526" endtime="20231016 02:18:33.526"/>
</kw>
<kw name="Close Browser And Log" library="resource" type="TEARDOWN">
<kw name="Close Browser" library="SeleniumLibrary">
<doc>Closes the current browser.</doc>
<status status="PASS" starttime="20231016 02:18:33.526" endtime="20231016 02:18:36.052"/>
</kw>
<status status="PASS" starttime="20231016 02:18:33.526" endtime="20231016 02:18:36.053"/>
</kw>
<status status="FAIL" starttime="20231016 02:18:29.804" endtime="20231016 02:18:36.055">Page should not have contained element 'class:error-message-container'.</status>
</test>
<test id="s1-t3" name="Problem User Test" line="43">
<kw name="Open Browser and Maximize" library="resource" type="SETUP">
<arg>${URL}</arg>
<arg>${Browser}</arg>
<kw name="Open Browser" library="SeleniumLibrary">
<arg>${UserURL}</arg>
<arg>${BrowserName}</arg>
<doc>Opens a new browser instance to the optional ``url``.</doc>
<msg timestamp="20231016 02:18:36.067" level="INFO">Opening browser 'Chrome' to base url 'http://www.saucedemo.com'.</msg>
<status status="PASS" starttime="20231016 02:18:36.064" endtime="20231016 02:18:39.240"/>
</kw>
<kw name="Maximize Browser Window" library="SeleniumLibrary">
<doc>Maximizes current browser window.</doc>
<status status="PASS" starttime="20231016 02:18:39.240" endtime="20231016 02:18:39.361"/>
</kw>
<status status="PASS" starttime="20231016 02:18:36.063" endtime="20231016 02:18:39.361"/>
</kw>
<kw name="Login To Website" library="resource">
<arg>${ProblemUser}</arg>
<arg>${Password}</arg>
<kw name="Input Text" library="SeleniumLibrary">
<arg>id:user-name</arg>
<arg>${UserName}</arg>
<doc>Types the given ``text`` into the text field identified by ``locator``.</doc>
<msg timestamp="20231016 02:18:39.361" level="INFO">Typing text 'problem_user' into text field 'id:user-name'.</msg>
<status status="PASS" starttime="20231016 02:18:39.361" endtime="20231016 02:18:39.627"/>
</kw>
<kw name="Input Password" library="SeleniumLibrary">
<arg>xpath:/html/body/div/div/div[2]/div[1]/div/div/form/div[2]/input</arg>
<arg>${Password}</arg>
<doc>Types the given password into the text field identified by ``locator``.</doc>
<msg timestamp="20231016 02:18:39.627" level="INFO">Typing password into text field 'xpath:/html/body/div/div/div[2]/div[1]/div/div/form/div[2]/input'.</msg>
<msg timestamp="20231016 02:18:39.677" level="INFO">Temporally setting log level to: NONE</msg>
<msg timestamp="20231016 02:18:39.766" level="INFO">Log level changed from NONE to INFO.</msg>
<status status="PASS" starttime="20231016 02:18:39.627" endtime="20231016 02:18:39.766"/>
</kw>
<kw name="Click Button" library="SeleniumLibrary">
<arg>name:login-button</arg>
<doc>Clicks the button identified by ``locator``.</doc>
<msg timestamp="20231016 02:18:39.766" level="INFO">Clicking button 'name:login-button'.</msg>
<status status="PASS" starttime="20231016 02:18:39.766" endtime="20231016 02:18:39.913"/>
</kw>
<kw name="Page Should Not Contain Element" library="SeleniumLibrary">
<arg>class:error-message-container</arg>
<doc>Verifies that element ``locator`` is not found on the current page.</doc>
<msg timestamp="20231016 02:18:39.925" level="INFO">Current page does not contain element 'class:error-message-container'.</msg>
<status status="PASS" starttime="20231016 02:18:39.913" endtime="20231016 02:18:39.925"/>
</kw>
<status status="PASS" starttime="20231016 02:18:39.361" endtime="20231016 02:18:39.925"/>
</kw>
<kw name="Sleep" library="BuiltIn">
<arg>2</arg>
<doc>Pauses the test executed for the given time.</doc>
<msg timestamp="20231016 02:18:41.925" level="INFO">Slept 2 seconds</msg>
<status status="PASS" starttime="20231016 02:18:39.925" endtime="20231016 02:18:41.925"/>
</kw>
<kw name="Set Screenshot Directory" library="SeleniumLibrary">
<arg>screenshots</arg>
<doc>Sets the directory for captured screenshots.</doc>
<status status="PASS" starttime="20231016 02:18:41.925" endtime="20231016 02:18:41.925"/>
</kw>
<kw name="Capture Page Screenshot" library="SeleniumLibrary">
<doc>Takes a screenshot of the current page and embeds it into a log file.</doc>
<msg timestamp="20231016 02:18:41.939" level="WARN">Keyword 'Capture Page Screenshot' could not be run on failure: Message: no such window: target window already closed
from unknown error: web view not found
  (Session info: chrome=117.0.5938.152)
Stacktrace:
	GetHandleVerifier [0x00007FF64A5B7D12+55474]
	(No symbol) [0x00007FF64A5277C2]
	(No symbol) [0x00007FF64A3DE0EB]
	(No symbol) [0x00007FF64A3BE528]
	(No symbol) [0x00007FF64A443B77]
	(No symbol) [0x00007FF64A4575BF]
	(No symbol) [0x00007FF64A43EF33]
	(No symbol) [0x00007FF64A413D41]
	(No symbol) [0x00007FF64A414F84]
	GetHandleVerifier [0x00007FF64A91B762+3609346]
	GetHandleVerifier [0x00007FF64A971A80+3962400]
	GetHandleVerifier [0x00007FF64A969F0F+3930799]
	GetHandleVerifier [0x00007FF64A653CA6+694342]
	(No symbol) [0x00007FF64A532218]
	(No symbol) [0x00007FF64A52E484]
	(No symbol) [0x00007FF64A52E5B2]
	(No symbol) [0x00007FF64A51EE13]
	BaseThreadInitThunk [0x00007FFCFA7F7344+20]
	RtlUserThreadStart [0x00007FFCFBD026B1+33]
</msg>
<msg timestamp="20231016 02:18:41.949" level="FAIL">NoSuchWindowException: Message: no such window: target window already closed
from unknown error: web view not found
  (Session info: chrome=117.0.5938.152)
Stacktrace:
	GetHandleVerifier [0x00007FF64A5B7D12+55474]
	(No symbol) [0x00007FF64A5277C2]
	(No symbol) [0x00007FF64A3DE0EB]
	(No symbol) [0x00007FF64A3BE528]
	(No symbol) [0x00007FF64A443B77]
	(No symbol) [0x00007FF64A4575BF]
	(No symbol) [0x00007FF64A43EF33]
	(No symbol) [0x00007FF64A413D41]
	(No symbol) [0x00007FF64A414F84]
	GetHandleVerifier [0x00007FF64A91B762+3609346]
	GetHandleVerifier [0x00007FF64A971A80+3962400]
	GetHandleVerifier [0x00007FF64A969F0F+3930799]
	GetHandleVerifier [0x00007FF64A653CA6+694342]
	(No symbol) [0x00007FF64A532218]
	(No symbol) [0x00007FF64A52E484]
	(No symbol) [0x00007FF64A52E5B2]
	(No symbol) [0x00007FF64A51EE13]
	BaseThreadInitThunk [0x00007FFCFA7F7344+20]
	RtlUserThreadStart [0x00007FFCFBD026B1+33]
</msg>
<status status="FAIL" starttime="20231016 02:18:41.925" endtime="20231016 02:18:41.967"/>
</kw>
<kw name="Sleep" library="BuiltIn">
<arg>2</arg>
<doc>Pauses the test executed for the given time.</doc>
<status status="NOT RUN" starttime="20231016 02:18:41.967" endtime="20231016 02:18:41.967"/>
</kw>
<kw name="Logout From Webpage" library="resource">
<status status="NOT RUN" starttime="20231016 02:18:41.967" endtime="20231016 02:18:41.967"/>
</kw>
<kw name="Sleep" library="BuiltIn">
<arg>1</arg>
<doc>Pauses the test executed for the given time.</doc>
<status status="NOT RUN" starttime="20231016 02:18:41.967" endtime="20231016 02:18:41.967"/>
</kw>
<kw name="Close Browser And Log" library="resource" type="TEARDOWN">
<kw name="Close Browser" library="SeleniumLibrary">
<doc>Closes the current browser.</doc>
<msg timestamp="20231016 02:18:43.054" level="ERROR">When closing browser, received exception: Execution terminated by signal</msg>
<msg timestamp="20231016 02:18:43.054" level="INFO">Cannot capture screenshot because no browser is open.</msg>
<status status="FAIL" starttime="20231016 02:18:41.983" endtime="20231016 02:18:43.054"/>
</kw>
<status status="FAIL" starttime="20231016 02:18:41.981" endtime="20231016 02:18:43.054">Execution terminated by signal</status>
</kw>
<status status="FAIL" starttime="20231016 02:18:36.061" endtime="20231016 02:18:43.054">NoSuchWindowException: Message: no such window: target window already closed
from unknown error: web view not found
  (Session info: chrome=117.0.5938.152)
Stacktrace:
	GetHandleVerifier [0x00007FF64A5B7D12+55474]
	(No symbol) [0x00007FF64A5277C2]
	(No symbol) [0x00007FF64A3DE0EB]
	(No symbol) [0x00007FF64A3BE528]
	(No symbol) [0x00007FF64A443B77]
	(No symbol) [0x00007FF64A4575BF]
	(No symbol) [0x00007FF64A43EF33]
	(No symbol) [0x00007FF64A413D41]
	(No symbol) [0x00007FF64A414F84]
	GetHandleVerifier [0x00007FF64A91B762+3609346]
	GetHandleVerifier [0x00007FF64A971A80+3962400]
	GetHandleVerifier [0x00007FF64A969F0F+3930799]
	GetHandleVerifier [0x00007FF64A653CA6+694342]
	(No symbol) [0x00007FF64A532218]
	(No symbol) [0x00007FF64A52E484]
	(No symbol) [0x00007FF64A52E5B2]
	(No symbol) [0x00007FF64A51EE13]
	BaseThreadInitThunk [0x00007FFCFA7F7344+20]
	RtlUserThreadStart [0x00007FFCFBD026B1+33]


Also teardown failed:
Execution terminated by signal</status>
</test>
<test id="s1-t4" name="Performance Glitch User Test" line="54">
<tag>robot:exit</tag>
<status status="FAIL" starttime="20231016 02:18:43.074" endtime="20231016 02:18:43.074">Test execution stopped due to a fatal error.</status>
</test>
<test id="s1-t5" name="Error User Test" line="65">
<tag>robot:exit</tag>
<status status="FAIL" starttime="20231016 02:18:43.074" endtime="20231016 02:18:43.074">Test execution stopped due to a fatal error.</status>
</test>
<test id="s1-t6" name="Visual User Test" line="76">
<tag>robot:exit</tag>
<status status="FAIL" starttime="20231016 02:18:43.074" endtime="20231016 02:18:43.074">Test execution stopped due to a fatal error.</status>
</test>
<status status="FAIL" starttime="20231016 02:18:18.111" endtime="20231016 02:18:43.092"/>
</suite>
<statistics>
<total>
<stat pass="0" fail="6" skip="0">All Tasks</stat>
</total>
<tag>
<stat pass="0" fail="3" skip="0" info="combined" combined="NOT robot:exit">NOT robot:exit</stat>
</tag>
<suite>
<stat pass="0" fail="6" skip="0" id="s1" name="Hello">Hello</stat>
</suite>
</statistics>
<errors>
<msg timestamp="20231016 02:18:27.570" level="WARN">Keyword 'Capture Page Screenshot' could not be run on failure: Message: no such window: target window already closed
from unknown error: web view not found
  (Session info: chrome=117.0.5938.152)
Stacktrace:
	GetHandleVerifier [0x00007FF64A5B7D12+55474]
	(No symbol) [0x00007FF64A5277C2]
	(No symbol) [0x00007FF64A3DE0EB]
	(No symbol) [0x00007FF64A3BE528]
	(No symbol) [0x00007FF64A443B77]
	(No symbol) [0x00007FF64A4575BF]
	(No symbol) [0x00007FF64A43EF33]
	(No symbol) [0x00007FF64A413D41]
	(No symbol) [0x00007FF64A414F84]
	GetHandleVerifier [0x00007FF64A91B762+3609346]
	GetHandleVerifier [0x00007FF64A971A80+3962400]
	GetHandleVerifier [0x00007FF64A969F0F+3930799]
	GetHandleVerifier [0x00007FF64A653CA6+694342]
	(No symbol) [0x00007FF64A532218]
	(No symbol) [0x00007FF64A52E484]
	(No symbol) [0x00007FF64A52E5B2]
	(No symbol) [0x00007FF64A51EE13]
	BaseThreadInitThunk [0x00007FFCFA7F7344+20]
	RtlUserThreadStart [0x00007FFCFBD026B1+33]
</msg>
<msg timestamp="20231016 02:18:41.939" level="WARN">Keyword 'Capture Page Screenshot' could not be run on failure: Message: no such window: target window already closed
from unknown error: web view not found
  (Session info: chrome=117.0.5938.152)
Stacktrace:
	GetHandleVerifier [0x00007FF64A5B7D12+55474]
	(No symbol) [0x00007FF64A5277C2]
	(No symbol) [0x00007FF64A3DE0EB]
	(No symbol) [0x00007FF64A3BE528]
	(No symbol) [0x00007FF64A443B77]
	(No symbol) [0x00007FF64A4575BF]
	(No symbol) [0x00007FF64A43EF33]
	(No symbol) [0x00007FF64A413D41]
	(No symbol) [0x00007FF64A414F84]
	GetHandleVerifier [0x00007FF64A91B762+3609346]
	GetHandleVerifier [0x00007FF64A971A80+3962400]
	GetHandleVerifier [0x00007FF64A969F0F+3930799]
	GetHandleVerifier [0x00007FF64A653CA6+694342]
	(No symbol) [0x00007FF64A532218]
	(No symbol) [0x00007FF64A52E484]
	(No symbol) [0x00007FF64A52E5B2]
	(No symbol) [0x00007FF64A51EE13]
	BaseThreadInitThunk [0x00007FFCFA7F7344+20]
	RtlUserThreadStart [0x00007FFCFBD026B1+33]
</msg>
<msg timestamp="20231016 02:18:43.054" level="ERROR">When closing browser, received exception: Execution terminated by signal</msg>
</errors>
</robot>
